2017-02-10 16:13:17,449 [10] LogHelper INFO  平台版本：4.0.30319.42000
2017-02-10 16:13:17,462 [10] LogHelper INFO  操作系统：Microsoft Windows NT 6.1.7601 Service Pack 1
2017-02-10 16:13:17,463 [10] LogHelper INFO  浏览器版本：11.0.9600.16428
2017-02-10 16:13:17,464 [10] LogHelper INFO  管理员身份：True
2017-02-10 16:13:17,464 [10] LogHelper INFO  64位操作系统：True
2017-02-10 16:13:17,464 [10] LogHelper INFO  64位方式运行：True
2017-02-10 16:13:17,464 [10] LogHelper INFO  程序基路径：F:\gov\gov\bin\Release\
2017-02-10 16:13:17,464 [10] LogHelper INFO  当前路径：F:\gov\gov\bin\Release
2017-02-10 16:13:17,465 [10] LogHelper INFO  应用路径：F:\gov\gov\bin\Release\gov.exe
2017-02-10 16:13:17,466 [10] LogHelper INFO  标题：gov
2017-02-10 16:13:17,467 [10] LogHelper INFO  版本：1.0.0.0
2017-02-10 16:13:22,471 [11] TerminalSessionDefender INFO  当前状态：1 # Console # Administrator
2017-02-10 16:22:23,319 [9] LogHelper INFO  平台版本：4.0.30319.42000
2017-02-10 16:22:23,332 [9] LogHelper INFO  操作系统：Microsoft Windows NT 6.1.7601 Service Pack 1
2017-02-10 16:22:23,333 [9] LogHelper INFO  浏览器版本：11.0.9600.16428
2017-02-10 16:22:23,333 [9] LogHelper INFO  管理员身份：True
2017-02-10 16:22:23,334 [9] LogHelper INFO  64位操作系统：True
2017-02-10 16:22:23,334 [9] LogHelper INFO  64位方式运行：True
2017-02-10 16:22:23,334 [9] LogHelper INFO  程序基路径：F:\gov\gov\bin\Release\
2017-02-10 16:22:23,334 [9] LogHelper INFO  当前路径：F:\gov\gov\bin\Release
2017-02-10 16:22:23,334 [9] LogHelper INFO  应用路径：F:\gov\gov\bin\Release\gov.exe
2017-02-10 16:22:23,336 [9] LogHelper INFO  标题：gov
2017-02-10 16:22:23,336 [9] LogHelper INFO  版本：1.0.0.0
2017-02-10 16:22:28,298 [10] TerminalSessionDefender INFO  当前状态：1 # Console # Administrator
2017-02-10 16:25:19,561 [10] LogHelper INFO  平台版本：4.0.30319.42000
2017-02-10 16:25:19,577 [10] LogHelper INFO  操作系统：Microsoft Windows NT 6.1.7601 Service Pack 1
2017-02-10 16:25:19,580 [10] LogHelper INFO  浏览器版本：11.0.9600.16428
2017-02-10 16:25:19,580 [10] LogHelper INFO  管理员身份：True
2017-02-10 16:25:19,580 [10] LogHelper INFO  64位操作系统：True
2017-02-10 16:25:19,580 [10] LogHelper INFO  64位方式运行：True
2017-02-10 16:25:19,580 [10] LogHelper INFO  程序基路径：F:\gov\gov\bin\Release\
2017-02-10 16:25:19,581 [10] LogHelper INFO  当前路径：F:\gov\gov\bin\Release
2017-02-10 16:25:19,581 [10] LogHelper INFO  应用路径：F:\gov\gov\bin\Release\gov.exe
2017-02-10 16:25:19,583 [10] LogHelper INFO  标题：gov
2017-02-10 16:25:19,584 [10] LogHelper INFO  版本：1.0.0.0
2017-02-10 16:25:24,545 [11] TerminalSessionDefender INFO  当前状态：1 # Console # Administrator
